[debug] [2022-05-08T14:33:22.976Z] ----------------------------------------------------------------------
[debug] [2022-05-08T14:33:22.980Z] Command:       C:\Program Files\nodejs\node.exe C:\Users\Wave Computer's\AppData\Roaming\npm\node_modules\firebase-tools\lib\bin\firebase.js init
[debug] [2022-05-08T14:33:22.980Z] CLI Version:   10.6.0
[debug] [2022-05-08T14:33:22.981Z] Platform:      win32
[debug] [2022-05-08T14:33:22.981Z] Node Version:  v16.13.1
[debug] [2022-05-08T14:33:22.987Z] Time:          Sun May 08 2022 20:33:22 GMT+0600 (Bangladesh Standard Time)
[debug] [2022-05-08T14:33:22.989Z] ----------------------------------------------------------------------
[debug] 
[debug] [2022-05-08T14:33:22.996Z] >>> [apiv2][query] GET https://firebase-public.firebaseio.com/cli.json [none]
[debug] [2022-05-08T14:33:23.040Z] > command requires scopes: ["email","openid","https://www.googleapis.com/auth/cloudplatformprojects.readonly","https://www.googleapis.com/auth/firebase","https://www.googleapis.com/auth/cloud-platform"]
[debug] [2022-05-08T14:33:23.041Z] > authorizing via signed-in user (eshita.islam95@gmail.com)
[info] 
     ######## #### ########  ######## ########     ###     ######  ########
     ##        ##  ##     ## ##       ##     ##  ##   ##  ##       ##
     ######    ##  ########  ######   ########  #########  ######  ######
     ##        ##  ##    ##  ##       ##     ## ##     ##       ## ##
     ##       #### ##     ## ######## ########  ##     ##  ######  ########

You're about to initialize a Firebase project in this directory:

  C:\Node\warehouse-management-with-server

Before we get started, keep in mind:

  * You are currently outside your home directory

[debug] [2022-05-08T14:33:24.119Z] <<< [apiv2][status] GET https://firebase-public.firebaseio.com/cli.json 200
[debug] [2022-05-08T14:33:24.120Z] <<< [apiv2][body] GET https://firebase-public.firebaseio.com/cli.json {"cloudBuildErrorAfter":1594252800000,"cloudBuildWarnAfter":1590019200000,"defaultNode10After":1594252800000,"minVersion":"3.0.5","node8DeploysDisabledAfter":1613390400000,"node8RuntimeDisabledAfter":1615809600000,"node8WarnAfter":1600128000000}
[debug] [2022-05-08T14:51:56.298Z] ----------------------------------------------------------------------
[debug] [2022-05-08T14:51:56.302Z] Command:       C:\Program Files\nodejs\node.exe C:\Users\Wave Computer's\AppData\Roaming\npm\node_modules\firebase-tools\lib\bin\firebase.js init
[debug] [2022-05-08T14:51:56.302Z] CLI Version:   10.6.0
[debug] [2022-05-08T14:51:56.303Z] Platform:      win32
[debug] [2022-05-08T14:51:56.303Z] Node Version:  v16.13.1
[debug] [2022-05-08T14:51:56.309Z] Time:          Sun May 08 2022 20:51:56 GMT+0600 (Bangladesh Standard Time)
[debug] [2022-05-08T14:51:56.309Z] ----------------------------------------------------------------------
[debug] 
[debug] [2022-05-08T14:51:56.321Z] > command requires scopes: ["email","openid","https://www.googleapis.com/auth/cloudplatformprojects.readonly","https://www.googleapis.com/auth/firebase","https://www.googleapis.com/auth/cloud-platform"]
[debug] [2022-05-08T14:51:56.321Z] > authorizing via signed-in user (eshita.islam95@gmail.com)
[info] 
     ######## #### ########  ######## ########     ###     ######  ########
     ##        ##  ##     ## ##       ##     ##  ##   ##  ##       ##
     ######    ##  ########  ######   ########  #########  ######  ######
     ##        ##  ##    ##  ##       ##     ## ##     ##       ## ##
     ##       #### ##     ## ######## ########  ##     ##  ######  ########

You're about to initialize a Firebase project in this directory:

  C:\Node\warehouse-management-with-server

Before we get started, keep in mind:

  * You are currently outside your home directory

[info] 
=== Project Setup
[info] 
[info] First, let's associate this project directory with a Firebase project.
[info] You can create multiple project aliases by running firebase use --add, 
[info] but for now we'll just set up a default project.
[info] 
[debug] [2022-05-08T14:53:03.195Z] > refreshing access token with scopes: []
[debug] [2022-05-08T14:53:03.196Z] >>> HTTP REQUEST POST https://www.googleapis.com/oauth2/v3/token  
 <request body omitted>
[debug] [2022-05-08T14:53:03.586Z] <<< HTTP RESPONSE 200 {"cache-control":"no-cache, no-store, max-age=0, must-revalidate","expires":"Mon, 01 Jan 1990 00:00:00 GMT","date":"Sun, 08 May 2022 14:53:02 GMT","pragma":"no-cache","content-type":"application/json; charset=utf-8","vary":"X-Origin, Referer, Origin,Accept-Encoding","server":"scaffolding on HTTPServer2","x-xss-protection":"0","x-frame-options":"SAMEORIGIN","x-content-type-options":"nosniff","alt-svc":"h3=\":443\"; ma=2592000,h3-29=\":443\"; ma=2592000,h3-Q050=\":443\"; ma=2592000,h3-Q046=\":443\"; ma=2592000,h3-Q043=\":443\"; ma=2592000,quic=\":443\"; ma=2592000; v=\"46,43\"","accept-ranges":"none","transfer-encoding":"chunked"}
[debug] [2022-05-08T14:53:03.608Z] >>> [apiv2][query] GET https://firebase.googleapis.com/v1beta1/projects pageSize=100
[debug] [2022-05-08T14:53:04.581Z] <<< [apiv2][status] GET https://firebase.googleapis.com/v1beta1/projects 200
[debug] [2022-05-08T14:53:04.581Z] <<< [apiv2][body] GET https://firebase.googleapis.com/v1beta1/projects [omitted]
